Determining if the pthread_create exist failed with the following output:
Change Dir: /home/arsovska/Tasks/build/CMakeFiles/CMakeTmp

Run Build Command:/usr/bin/make "cmTryCompileExec2822658861/fast"
/usr/bin/make -f CMakeFiles/cmTryCompileExec2822658861.dir/build.make CMakeFiles/cmTryCompileExec2822658861.dir/build
make[1]: Entering directory `/home/arsovska/Tasks/build/CMakeFiles/CMakeTmp'
/usr/bin/cmake -E cmake_progress_report /home/arsovska/Tasks/build/CMakeFiles/CMakeTmp/CMakeFiles 1
Building C object CMakeFiles/cmTryCompileExec2822658861.dir/CheckSymbolExists.c.o
/usr/bin/cc    -o CMakeFiles/cmTryCompileExec2822658861.dir/CheckSymbolExists.c.o   -c /home/arsovska/Tasks/build/CMakeFiles/CMakeTmp/CheckSymbolExists.c
Linking C executable cmTryCompileExec2822658861
/usr/bin/cmake -E cmake_link_script CMakeFiles/cmTryCompileExec2822658861.dir/link.txt --verbose=1
/usr/bin/cc       CMakeFiles/cmTryCompileExec2822658861.dir/CheckSymbolExists.c.o  -o cmTryCompileExec2822658861 -rdynamic 
CMakeFiles/cmTryCompileExec2822658861.dir/CheckSymbolExists.c.o: In function `main':
CheckSymbolExists.c:(.text+0x16): undefined reference to `pthread_create'
collect2: error: ld returned 1 exit status
make[1]: *** [cmTryCompileExec2822658861] Error 1
make[1]: Leaving directory `/home/arsovska/Tasks/build/CMakeFiles/CMakeTmp'
make: *** [cmTryCompileExec2822658861/fast] Error 2

File /home/arsovska/Tasks/build/CMakeFiles/CMakeTmp/CheckSymbolExists.c:
/* */
#include <pthread.h>

int main(int argc, char** argv)
{
  (void)argv;
#ifndef pthread_create
  return ((int*)(&pthread_create))[argc];
#else
  (void)argc;
  return 0;
#endif
}

Determining if the function pthread_create exists in the pthreads failed with the following output:
Change Dir: /home/arsovska/Tasks/build/CMakeFiles/CMakeTmp

Run Build Command:/usr/bin/make "cmTryCompileExec3808526050/fast"
/usr/bin/make -f CMakeFiles/cmTryCompileExec3808526050.dir/build.make CMakeFiles/cmTryCompileExec3808526050.dir/build
make[1]: Entering directory `/home/arsovska/Tasks/build/CMakeFiles/CMakeTmp'
/usr/bin/cmake -E cmake_progress_report /home/arsovska/Tasks/build/CMakeFiles/CMakeTmp/CMakeFiles 1
Building C object CMakeFiles/cmTryCompileExec3808526050.dir/CheckFunctionExists.c.o
/usr/bin/cc   -DCHECK_FUNCTION_EXISTS=pthread_create   -o CMakeFiles/cmTryCompileExec3808526050.dir/CheckFunctionExists.c.o   -c /usr/share/cmake-2.8/Modules/CheckFunctionExists.c
Linking C executable cmTryCompileExec3808526050
/usr/bin/cmake -E cmake_link_script CMakeFiles/cmTryCompileExec3808526050.dir/link.txt --verbose=1
/usr/bin/cc   -DCHECK_FUNCTION_EXISTS=pthread_create    CMakeFiles/cmTryCompileExec3808526050.dir/CheckFunctionExists.c.o  -o cmTryCompileExec3808526050 -rdynamic -lpthreads 
/usr/bin/ld: cannot find -lpthreads
collect2: error: ld returned 1 exit status
make[1]: *** [cmTryCompileExec3808526050] Error 1
make[1]: Leaving directory `/home/arsovska/Tasks/build/CMakeFiles/CMakeTmp'
make: *** [cmTryCompileExec3808526050/fast] Error 2


